

================================================================
== Vitis HLS Report for 'dft'
================================================================
* Date:           Fri Nov  7 12:59:11 2025

* Version:        2024.2 (Build 5238294 on Nov  8 2024)
* Project:        dft.comp
* Solution:       hls (Vivado IP Flow Target)
* Product family: zynq
* Target device:  xc7z020-clg400-1


================================================================
== Performance Estimates
================================================================
+ Timing: 
    * Summary: 
    +--------+----------+----------+------------+
    |  Clock |  Target  | Estimated| Uncertainty|
    +--------+----------+----------+------------+
    |ap_clk  |  10.00 ns|  7.256 ns|     2.70 ns|
    +--------+----------+----------+------------+

+ Latency: 
    * Summary: 
    +---------+---------+-----------+-----------+---------+---------+-------------------------------------------------+
    |  Latency (cycles) |   Latency (absolute)  |      Interval     |                     Pipeline                    |
    |   min   |   max   |    min    |    max    |   min   |   max   |                       Type                      |
    +---------+---------+-----------+-----------+---------+---------+-------------------------------------------------+
    |  6291472|  6291472|  62.915 ms|  62.915 ms|  6291476|  6291476|  loop auto-rewind stp (delay=20 clock cycles(s))|
    +---------+---------+-----------+-----------+---------+---------+-------------------------------------------------+

    + Detail: 
        * Instance: 
        N/A

        * Loop: 
        +-----------------------------------+---------+---------+----------+-----------+-----------+---------+----------+
        |                                   |  Latency (cycles) | Iteration|  Initiation Interval  |   Trip  |          |
        |             Loop Name             |   min   |   max   |  Latency |  achieved |   target  |  Count  | Pipelined|
        +-----------------------------------+---------+---------+----------+-----------+-----------+---------+----------+
        |- VITIS_LOOP_33_1_VITIS_LOOP_39_2  |  6291470|  6291470|        21|          6|          1|  1048576|       yes|
        +-----------------------------------+---------+---------+----------+-----------+-----------+---------+----------+



================================================================
== Utilization Estimates
================================================================
* Summary: 
+-----------------+---------+-----+--------+-------+-----+
|       Name      | BRAM_18K| DSP |   FF   |  LUT  | URAM|
+-----------------+---------+-----+--------+-------+-----+
|DSP              |        -|    -|       -|      -|    -|
|Expression       |        -|    -|       0|    182|    -|
|FIFO             |        -|    -|       -|      -|    -|
|Instance         |        -|    5|     348|    774|    -|
|Memory           |        4|    -|       0|      0|    -|
|Multiplexer      |        -|    -|       0|    324|    -|
|Register         |        -|    -|     883|    128|    -|
+-----------------+---------+-----+--------+-------+-----+
|Total            |        4|    5|    1231|   1408|    0|
+-----------------+---------+-----+--------+-------+-----+
|Available        |      280|  220|  106400|  53200|    0|
+-----------------+---------+-----+--------+-------+-----+
|Utilization (%)  |        1|    2|       1|      2|    0|
+-----------------+---------+-----+--------+-------+-----+

+ Detail: 
    * Instance: 
    +-----------------------------------+--------------------------------+---------+----+-----+-----+-----+
    |              Instance             |             Module             | BRAM_18K| DSP|  FF | LUT | URAM|
    +-----------------------------------+--------------------------------+---------+----+-----+-----+-----+
    |fadd_32ns_32ns_32_5_full_dsp_1_U1  |fadd_32ns_32ns_32_5_full_dsp_1  |        0|   2|  205|  390|    0|
    |fmul_32ns_32ns_32_4_max_dsp_1_U2   |fmul_32ns_32ns_32_4_max_dsp_1   |        0|   3|  143|  321|    0|
    |mul_10s_10s_10_1_1_U3              |mul_10s_10s_10_1_1              |        0|   0|    0|   63|    0|
    +-----------------------------------+--------------------------------+---------+----+-----+-----+-----+
    |Total                              |                                |        0|   5|  348|  774|    0|
    +-----------------------------------+--------------------------------+---------+----+-----+-----+-----+

    * DSP: 
    N/A

    * Memory: 
    +--------------------------+------------------------------------+---------+---+----+-----+------+-----+------+-------------+
    |          Memory          |               Module               | BRAM_18K| FF| LUT| URAM| Words| Bits| Banks| W*Bits*Banks|
    +--------------------------+------------------------------------+---------+---+----+-----+------+-----+------+-------------+
    |cos_coefficients_table_U  |cos_coefficients_table_ROM_AUTO_1R  |        2|  0|   0|    0|  1024|   32|     1|        32768|
    |sin_coefficients_table_U  |sin_coefficients_table_ROM_AUTO_1R  |        2|  0|   0|    0|  1024|   32|     1|        32768|
    +--------------------------+------------------------------------+---------+---+----+-----+------+-----+------+-------------+
    |Total                     |                                    |        4|  0|   0|    0|  2048|   64|     2|        65536|
    +--------------------------+------------------------------------+---------+---+----+-----+------+-----+------+-------------+

    * FIFO: 
    N/A

    * Expression: 
    +-------------------------+----------+----+---+----+------------+------------+
    |      Variable Name      | Operation| DSP| FF| LUT| Bitwidth P0| Bitwidth P1|
    +-------------------------+----------+----+---+----+------------+------------+
    |add_ln33_1_fu_290_p2     |         +|   0|  0|  27|          20|           1|
    |add_ln33_fu_296_p2       |         +|   0|  0|  12|          11|           1|
    |n_fu_279_p2              |         +|   0|  0|  12|          11|           1|
    |ap_condition_511         |       and|   0|  0|   2|           1|           1|
    |ap_condition_516         |       and|   0|  0|   2|           1|           1|
    |icmp_ln33_fu_301_p2      |      icmp|   0|  0|  27|          20|           2|
    |icmp_ln39_fu_284_p2      |      icmp|   0|  0|  12|          11|          12|
    |k_fu_235_p3              |    select|   0|  0|  11|           1|          11|
    |select_ln33_1_fu_340_p3  |    select|   0|  0|  32|           1|           1|
    |select_ln33_2_fu_329_p3  |    select|   0|  0|  32|           1|           1|
    |select_ln33_fu_227_p3    |    select|   0|  0|  11|           1|           1|
    |ap_enable_pp0            |       xor|   0|  0|   2|           1|           2|
    +-------------------------+----------+----+---+----+------------+------------+
    |Total                    |          |   0|  0| 182|          80|          35|
    +-------------------------+----------+----+---+----+------------+------------+

    * Multiplexer: 
    +--------------------------------------------------+----+-----------+-----+-----------+
    |                       Name                       | LUT| Input Size| Bits| Total Bits|
    +--------------------------------------------------+----+-----------+-----+-----------+
    |add_ln338_fu_78                                   |   9|          2|   11|         22|
    |ap_NS_fsm                                         |  37|          7|    1|          7|
    |ap_condition_exit_pp0_iter0_stage5_pp0_iter1_reg  |   9|          2|    1|          2|
    |ap_condition_exit_pp0_iter0_stage5_pp0_iter2_reg  |   9|          2|    1|          2|
    |ap_condition_exit_pp0_iter0_stage5_pp0_iter3_reg  |   9|          2|    1|          2|
    |ap_done_int                                       |   9|          2|    1|          2|
    |ap_enable_reg_pp0_iter0                           |   9|          2|    1|          2|
    |ap_enable_reg_pp0_iter3                           |   9|          2|    1|          2|
    |ap_loop_exit_ready_pp0_iter1_reg                  |   9|          2|    1|          2|
    |ap_loop_exit_ready_pp0_iter2_reg                  |   9|          2|    1|          2|
    |ap_loop_exit_ready_pp0_iter3_reg                  |   9|          2|    1|          2|
    |ap_phi_mux_icmp_ln397_phi_fu_162_p4               |   9|          2|    1|          2|
    |ap_sig_allocacmp_add_ln338_load                   |   9|          2|   11|         22|
    |ap_sig_allocacmp_k3_load                          |   9|          2|   11|         22|
    |ap_sig_allocacmp_n4_load                          |   9|          2|   11|         22|
    |ap_sig_allocacmp_sum_imag5_load                   |   9|          2|   32|         64|
    |ap_sig_allocacmp_sum_real6_load                   |   9|          2|   32|         64|
    |grp_fu_170_p0                                     |  25|          5|   32|        160|
    |grp_fu_170_p1                                     |  25|          5|   32|        160|
    |grp_fu_174_p0                                     |  25|          5|   32|        160|
    |grp_fu_174_p1                                     |  14|          3|   32|         96|
    |icmp_ln397_reg_159                                |   9|          2|    1|          2|
    |indvar_flatten2_fu_58                             |   9|          2|   20|         40|
    |k3_fu_62                                          |   9|          2|   11|         22|
    |n4_fu_66                                          |   9|          2|   11|         22|
    |sum_imag5_fu_70                                   |   9|          2|   32|         64|
    |sum_real6_fu_74                                   |   9|          2|   32|         64|
    +--------------------------------------------------+----+-----------+-----+-----------+
    |Total                                             | 324|         69|  354|       1033|
    +--------------------------------------------------+----+-----------+-----+-----------+

    * Register: 
    +--------------------------------------------------+----+----+-----+-----------+
    |                       Name                       | FF | LUT| Bits| Const Bits|
    +--------------------------------------------------+----+----+-----+-----------+
    |add_ln338_fu_78                                   |  11|   0|   11|          0|
    |ap_CS_fsm                                         |   6|   0|    6|          0|
    |ap_condition_exit_pp0_iter0_stage5_pp0_iter1_reg  |   1|   0|    1|          0|
    |ap_condition_exit_pp0_iter0_stage5_pp0_iter2_reg  |   1|   0|    1|          0|
    |ap_condition_exit_pp0_iter0_stage5_pp0_iter3_reg  |   1|   0|    1|          0|
    |ap_done_reg                                       |   1|   0|    1|          0|
    |ap_enable_reg_pp0_iter0_reg                       |   1|   0|    1|          0|
    |ap_enable_reg_pp0_iter1                           |   1|   0|    1|          0|
    |ap_enable_reg_pp0_iter2                           |   1|   0|    1|          0|
    |ap_enable_reg_pp0_iter3                           |   1|   0|    1|          0|
    |ap_loop_exit_ready_pp0_iter1_reg                  |   1|   0|    1|          0|
    |ap_loop_exit_ready_pp0_iter2_reg                  |   1|   0|    1|          0|
    |ap_loop_exit_ready_pp0_iter3_reg                  |   1|   0|    1|          0|
    |bitcast_ln54_1_reg_477                            |  32|   0|   32|          0|
    |bitcast_ln54_reg_472                              |  32|   0|   32|          0|
    |cos_angle_reg_462                                 |  32|   0|   32|          0|
    |icmp_ln33_reg_487                                 |   1|   0|    1|          0|
    |icmp_ln397_reg_159                                |   1|   0|    1|          0|
    |icmp_ln39_reg_482                                 |   1|   0|    1|          0|
    |imag_op_addr_reg_521                              |  10|   0|   10|          0|
    |imag_sample_load_reg_457                          |  32|   0|   32|          0|
    |index_reg_427                                     |  10|   0|   10|          0|
    |indvar_flatten2_fu_58                             |  20|   0|   20|          0|
    |k3_fu_62                                          |  11|   0|   11|          0|
    |k_reg_420                                         |  11|   0|   11|          0|
    |mul1_reg_501                                      |  32|   0|   32|          0|
    |mul2_reg_506                                      |  32|   0|   32|          0|
    |mul9_reg_491                                      |  32|   0|   32|          0|
    |mul_reg_496                                       |  32|   0|   32|          0|
    |n4_fu_66                                          |  11|   0|   11|          0|
    |real_sample_load_reg_452                          |  32|   0|   32|          0|
    |reg_178                                           |  32|   0|   32|          0|
    |reg_183                                           |  32|   0|   32|          0|
    |select_ln33_1_reg_516                             |  32|   0|   32|          0|
    |select_ln33_2_reg_511                             |  32|   0|   32|          0|
    |select_ln33_reg_415                               |  11|   0|   11|          0|
    |sin_angle_reg_467                                 |  32|   0|   32|          0|
    |sum_imag5_fu_70                                   |  32|   0|   32|          0|
    |sum_real6_fu_74                                   |  32|   0|   32|          0|
    |icmp_ln33_reg_487                                 |  64|  32|    1|          0|
    |icmp_ln397_reg_159                                |  64|  32|    1|          0|
    |icmp_ln39_reg_482                                 |  64|  32|    1|          0|
    |k_reg_420                                         |  64|  32|   11|          0|
    +--------------------------------------------------+----+----+-----+-----------+
    |Total                                             | 883| 128|  641|          0|
    +--------------------------------------------------+----+----+-----+-----------+



================================================================
== Interface
================================================================
* Summary: 
+----------------------+-----+-----+------------+--------------+--------------+
|       RTL Ports      | Dir | Bits|  Protocol  | Source Object|    C Type    |
+----------------------+-----+-----+------------+--------------+--------------+
|ap_clk                |   in|    1|  ap_ctrl_hs|           dft|  return value|
|ap_rst                |   in|    1|  ap_ctrl_hs|           dft|  return value|
|ap_start              |   in|    1|  ap_ctrl_hs|           dft|  return value|
|ap_done               |  out|    1|  ap_ctrl_hs|           dft|  return value|
|ap_idle               |  out|    1|  ap_ctrl_hs|           dft|  return value|
|ap_ready              |  out|    1|  ap_ctrl_hs|           dft|  return value|
|real_sample_address0  |  out|   10|   ap_memory|   real_sample|         array|
|real_sample_ce0       |  out|    1|   ap_memory|   real_sample|         array|
|real_sample_q0        |   in|   32|   ap_memory|   real_sample|         array|
|imag_sample_address0  |  out|   10|   ap_memory|   imag_sample|         array|
|imag_sample_ce0       |  out|    1|   ap_memory|   imag_sample|         array|
|imag_sample_q0        |   in|   32|   ap_memory|   imag_sample|         array|
|real_op_address0      |  out|   10|   ap_memory|       real_op|         array|
|real_op_ce0           |  out|    1|   ap_memory|       real_op|         array|
|real_op_we0           |  out|    1|   ap_memory|       real_op|         array|
|real_op_d0            |  out|   32|   ap_memory|       real_op|         array|
|imag_op_address0      |  out|   10|   ap_memory|       imag_op|         array|
|imag_op_ce0           |  out|    1|   ap_memory|       imag_op|         array|
|imag_op_we0           |  out|    1|   ap_memory|       imag_op|         array|
|imag_op_d0            |  out|   32|   ap_memory|       imag_op|         array|
+----------------------+-----+-----+------------+--------------+--------------+

